INFO [2020-02-22 07:27:14] [[1]]
INFO [2020-02-22 07:27:14] veen_list[[i]]
INFO [2020-02-22 07:27:14] 
INFO [2020-02-22 07:27:14] [[2]]
INFO [2020-02-22 07:27:14] NULL
INFO [2020-02-22 07:27:14] 
INFO [2020-02-22 07:27:14] $fill
INFO [2020-02-22 07:27:14] c("darkmagenta", "darkblue", "yellow")
INFO [2020-02-22 07:27:14] 
INFO [2020-02-22 07:27:14] $alpha
INFO [2020-02-22 07:27:14] c(0.5, 0.5, 0.5)
INFO [2020-02-22 07:27:14] 
INFO [2020-02-22 07:27:14] $cex
INFO [2020-02-22 07:27:14] [1] 2
INFO [2020-02-22 07:27:14] 
INFO [2020-02-22 07:27:14] $cat.fontface
INFO [2020-02-22 07:27:14] [1] 4
INFO [2020-02-22 07:27:14] 
INFO [2020-02-22 07:27:14] $main
INFO [2020-02-22 07:27:14] paste0("overlap of targets ( ", names(miRWalk_list1)[i], " )")
INFO [2020-02-22 07:27:14] 
INFO [2020-02-22 07:27:14] [[1]]
INFO [2020-02-22 07:27:14] veen_list[[i]]
INFO [2020-02-22 07:27:14] 
INFO [2020-02-22 07:27:14] [[2]]
INFO [2020-02-22 07:27:14] NULL
INFO [2020-02-22 07:27:14] 
INFO [2020-02-22 07:27:14] $fill
INFO [2020-02-22 07:27:14] c("darkmagenta", "darkblue", "yellow")
INFO [2020-02-22 07:27:14] 
INFO [2020-02-22 07:27:14] $alpha
INFO [2020-02-22 07:27:14] c(0.5, 0.5, 0.5)
INFO [2020-02-22 07:27:14] 
INFO [2020-02-22 07:27:14] $cex
INFO [2020-02-22 07:27:14] [1] 2
INFO [2020-02-22 07:27:14] 
INFO [2020-02-22 07:27:14] $cat.fontface
INFO [2020-02-22 07:27:14] [1] 4
INFO [2020-02-22 07:27:14] 
INFO [2020-02-22 07:27:14] $main
INFO [2020-02-22 07:27:14] paste0("overlap of targets ( ", names(miRWalk_list1)[i], " )")
INFO [2020-02-22 07:27:14] 
INFO [2020-02-22 07:27:14] [[1]]
INFO [2020-02-22 07:27:14] veen_list[[i]]
INFO [2020-02-22 07:27:14] 
INFO [2020-02-22 07:27:14] [[2]]
INFO [2020-02-22 07:27:14] NULL
INFO [2020-02-22 07:27:14] 
INFO [2020-02-22 07:27:14] $fill
INFO [2020-02-22 07:27:14] c("darkmagenta", "darkblue", "yellow")
INFO [2020-02-22 07:27:14] 
INFO [2020-02-22 07:27:14] $alpha
INFO [2020-02-22 07:27:14] c(0.5, 0.5, 0.5)
INFO [2020-02-22 07:27:14] 
INFO [2020-02-22 07:27:14] $cex
INFO [2020-02-22 07:27:14] [1] 2
INFO [2020-02-22 07:27:14] 
INFO [2020-02-22 07:27:14] $cat.fontface
INFO [2020-02-22 07:27:14] [1] 4
INFO [2020-02-22 07:27:14] 
INFO [2020-02-22 07:27:14] $main
INFO [2020-02-22 07:27:14] paste0("overlap of targets ( ", names(miRWalk_list1)[i], " )")
INFO [2020-02-22 07:27:14] 
