INFO [2020-02-22 07:18:33] [[1]]
INFO [2020-02-22 07:18:33] veen_list[[i]]
INFO [2020-02-22 07:18:33] 
INFO [2020-02-22 07:18:33] [[2]]
INFO [2020-02-22 07:18:33] NULL
INFO [2020-02-22 07:18:33] 
INFO [2020-02-22 07:18:33] $fill
INFO [2020-02-22 07:18:33] c("darkmagenta", "darkblue", "yellow")
INFO [2020-02-22 07:18:33] 
INFO [2020-02-22 07:18:33] $alpha
INFO [2020-02-22 07:18:33] c(0.5, 0.5, 0.5)
INFO [2020-02-22 07:18:33] 
INFO [2020-02-22 07:18:33] $cex
INFO [2020-02-22 07:18:33] [1] 2
INFO [2020-02-22 07:18:33] 
INFO [2020-02-22 07:18:33] $cat.fontface
INFO [2020-02-22 07:18:33] [1] 4
INFO [2020-02-22 07:18:33] 
INFO [2020-02-22 07:18:33] $main
INFO [2020-02-22 07:18:33] paste0("overlap of targets ( ", names(miRWalk_list1)[i], " )")
INFO [2020-02-22 07:18:33] 
INFO [2020-02-22 07:18:33] [[1]]
INFO [2020-02-22 07:18:33] veen_list[[i]]
INFO [2020-02-22 07:18:33] 
INFO [2020-02-22 07:18:33] [[2]]
INFO [2020-02-22 07:18:33] NULL
INFO [2020-02-22 07:18:33] 
INFO [2020-02-22 07:18:33] $fill
INFO [2020-02-22 07:18:33] c("darkmagenta", "darkblue", "yellow")
INFO [2020-02-22 07:18:33] 
INFO [2020-02-22 07:18:33] $alpha
INFO [2020-02-22 07:18:33] c(0.5, 0.5, 0.5)
INFO [2020-02-22 07:18:33] 
INFO [2020-02-22 07:18:33] $cex
INFO [2020-02-22 07:18:33] [1] 2
INFO [2020-02-22 07:18:33] 
INFO [2020-02-22 07:18:33] $cat.fontface
INFO [2020-02-22 07:18:33] [1] 4
INFO [2020-02-22 07:18:33] 
INFO [2020-02-22 07:18:33] $main
INFO [2020-02-22 07:18:33] paste0("overlap of targets ( ", names(miRWalk_list1)[i], " )")
INFO [2020-02-22 07:18:33] 
INFO [2020-02-22 07:18:33] [[1]]
INFO [2020-02-22 07:18:33] veen_list[[i]]
INFO [2020-02-22 07:18:33] 
INFO [2020-02-22 07:18:33] [[2]]
INFO [2020-02-22 07:18:33] NULL
INFO [2020-02-22 07:18:33] 
INFO [2020-02-22 07:18:33] $fill
INFO [2020-02-22 07:18:33] c("darkmagenta", "darkblue", "yellow")
INFO [2020-02-22 07:18:33] 
INFO [2020-02-22 07:18:33] $alpha
INFO [2020-02-22 07:18:33] c(0.5, 0.5, 0.5)
INFO [2020-02-22 07:18:33] 
INFO [2020-02-22 07:18:33] $cex
INFO [2020-02-22 07:18:33] [1] 2
INFO [2020-02-22 07:18:33] 
INFO [2020-02-22 07:18:33] $cat.fontface
INFO [2020-02-22 07:18:33] [1] 4
INFO [2020-02-22 07:18:33] 
INFO [2020-02-22 07:18:33] $main
INFO [2020-02-22 07:18:33] paste0("overlap of targets ( ", names(miRWalk_list1)[i], " )")
INFO [2020-02-22 07:18:33] 
