INFO [2020-02-22 07:18:29] [[1]]
INFO [2020-02-22 07:18:29] veen_list[[i]]
INFO [2020-02-22 07:18:29] 
INFO [2020-02-22 07:18:29] [[2]]
INFO [2020-02-22 07:18:29] NULL
INFO [2020-02-22 07:18:29] 
INFO [2020-02-22 07:18:29] $fill
INFO [2020-02-22 07:18:29] c("darkmagenta", "darkblue", "yellow")
INFO [2020-02-22 07:18:29] 
INFO [2020-02-22 07:18:29] $alpha
INFO [2020-02-22 07:18:29] c(0.5, 0.5, 0.5)
INFO [2020-02-22 07:18:29] 
INFO [2020-02-22 07:18:29] $cex
INFO [2020-02-22 07:18:29] [1] 2
INFO [2020-02-22 07:18:29] 
INFO [2020-02-22 07:18:29] $cat.fontface
INFO [2020-02-22 07:18:29] [1] 4
INFO [2020-02-22 07:18:29] 
INFO [2020-02-22 07:18:29] $main
INFO [2020-02-22 07:18:29] paste0("overlap of targets ( ", names(miRWalk_list1)[i], " )")
INFO [2020-02-22 07:18:29] 
INFO [2020-02-22 07:18:29] [[1]]
INFO [2020-02-22 07:18:29] veen_list[[i]]
INFO [2020-02-22 07:18:29] 
INFO [2020-02-22 07:18:29] [[2]]
INFO [2020-02-22 07:18:29] NULL
INFO [2020-02-22 07:18:29] 
INFO [2020-02-22 07:18:29] $fill
INFO [2020-02-22 07:18:29] c("darkmagenta", "darkblue", "yellow")
INFO [2020-02-22 07:18:29] 
INFO [2020-02-22 07:18:29] $alpha
INFO [2020-02-22 07:18:29] c(0.5, 0.5, 0.5)
INFO [2020-02-22 07:18:29] 
INFO [2020-02-22 07:18:29] $cex
INFO [2020-02-22 07:18:29] [1] 2
INFO [2020-02-22 07:18:29] 
INFO [2020-02-22 07:18:29] $cat.fontface
INFO [2020-02-22 07:18:29] [1] 4
INFO [2020-02-22 07:18:29] 
INFO [2020-02-22 07:18:29] $main
INFO [2020-02-22 07:18:29] paste0("overlap of targets ( ", names(miRWalk_list1)[i], " )")
INFO [2020-02-22 07:18:29] 
INFO [2020-02-22 07:18:29] [[1]]
INFO [2020-02-22 07:18:29] veen_list[[i]]
INFO [2020-02-22 07:18:29] 
INFO [2020-02-22 07:18:29] [[2]]
INFO [2020-02-22 07:18:29] NULL
INFO [2020-02-22 07:18:29] 
INFO [2020-02-22 07:18:29] $fill
INFO [2020-02-22 07:18:29] c("darkmagenta", "darkblue", "yellow")
INFO [2020-02-22 07:18:29] 
INFO [2020-02-22 07:18:29] $alpha
INFO [2020-02-22 07:18:29] c(0.5, 0.5, 0.5)
INFO [2020-02-22 07:18:29] 
INFO [2020-02-22 07:18:29] $cex
INFO [2020-02-22 07:18:29] [1] 2
INFO [2020-02-22 07:18:29] 
INFO [2020-02-22 07:18:29] $cat.fontface
INFO [2020-02-22 07:18:29] [1] 4
INFO [2020-02-22 07:18:29] 
INFO [2020-02-22 07:18:29] $main
INFO [2020-02-22 07:18:29] paste0("overlap of targets ( ", names(miRWalk_list1)[i], " )")
INFO [2020-02-22 07:18:29] 
INFO [2020-02-22 07:18:29] [[1]]
INFO [2020-02-22 07:18:29] veen_list[[i]]
INFO [2020-02-22 07:18:29] 
INFO [2020-02-22 07:18:29] [[2]]
INFO [2020-02-22 07:18:29] NULL
INFO [2020-02-22 07:18:29] 
INFO [2020-02-22 07:18:29] $fill
INFO [2020-02-22 07:18:29] c("darkmagenta", "darkblue", "yellow")
INFO [2020-02-22 07:18:29] 
INFO [2020-02-22 07:18:29] $alpha
INFO [2020-02-22 07:18:29] c(0.5, 0.5, 0.5)
INFO [2020-02-22 07:18:29] 
INFO [2020-02-22 07:18:29] $cex
INFO [2020-02-22 07:18:29] [1] 2
INFO [2020-02-22 07:18:29] 
INFO [2020-02-22 07:18:29] $cat.fontface
INFO [2020-02-22 07:18:29] [1] 4
INFO [2020-02-22 07:18:29] 
INFO [2020-02-22 07:18:29] $main
INFO [2020-02-22 07:18:29] paste0("overlap of targets ( ", names(miRWalk_list1)[i], " )")
INFO [2020-02-22 07:18:29] 
