INFO [2020-02-22 07:27:10] [[1]]
INFO [2020-02-22 07:27:10] veen_list[[i]]
INFO [2020-02-22 07:27:10] 
INFO [2020-02-22 07:27:10] [[2]]
INFO [2020-02-22 07:27:10] NULL
INFO [2020-02-22 07:27:10] 
INFO [2020-02-22 07:27:10] $fill
INFO [2020-02-22 07:27:10] c("darkmagenta", "darkblue", "yellow")
INFO [2020-02-22 07:27:10] 
INFO [2020-02-22 07:27:10] $alpha
INFO [2020-02-22 07:27:10] c(0.5, 0.5, 0.5)
INFO [2020-02-22 07:27:10] 
INFO [2020-02-22 07:27:10] $cex
INFO [2020-02-22 07:27:10] [1] 2
INFO [2020-02-22 07:27:10] 
INFO [2020-02-22 07:27:10] $cat.fontface
INFO [2020-02-22 07:27:10] [1] 4
INFO [2020-02-22 07:27:10] 
INFO [2020-02-22 07:27:10] $main
INFO [2020-02-22 07:27:10] paste0("overlap of targets ( ", names(miRWalk_list1)[i], " )")
INFO [2020-02-22 07:27:10] 
INFO [2020-02-22 07:27:10] [[1]]
INFO [2020-02-22 07:27:10] veen_list[[i]]
INFO [2020-02-22 07:27:10] 
INFO [2020-02-22 07:27:10] [[2]]
INFO [2020-02-22 07:27:10] NULL
INFO [2020-02-22 07:27:10] 
INFO [2020-02-22 07:27:10] $fill
INFO [2020-02-22 07:27:10] c("darkmagenta", "darkblue", "yellow")
INFO [2020-02-22 07:27:10] 
INFO [2020-02-22 07:27:10] $alpha
INFO [2020-02-22 07:27:10] c(0.5, 0.5, 0.5)
INFO [2020-02-22 07:27:10] 
INFO [2020-02-22 07:27:10] $cex
INFO [2020-02-22 07:27:10] [1] 2
INFO [2020-02-22 07:27:10] 
INFO [2020-02-22 07:27:10] $cat.fontface
INFO [2020-02-22 07:27:10] [1] 4
INFO [2020-02-22 07:27:10] 
INFO [2020-02-22 07:27:10] $main
INFO [2020-02-22 07:27:10] paste0("overlap of targets ( ", names(miRWalk_list1)[i], " )")
INFO [2020-02-22 07:27:10] 
INFO [2020-02-22 07:27:10] [[1]]
INFO [2020-02-22 07:27:10] veen_list[[i]]
INFO [2020-02-22 07:27:10] 
INFO [2020-02-22 07:27:10] [[2]]
INFO [2020-02-22 07:27:10] NULL
INFO [2020-02-22 07:27:10] 
INFO [2020-02-22 07:27:10] $fill
INFO [2020-02-22 07:27:10] c("darkmagenta", "darkblue", "yellow")
INFO [2020-02-22 07:27:10] 
INFO [2020-02-22 07:27:10] $alpha
INFO [2020-02-22 07:27:10] c(0.5, 0.5, 0.5)
INFO [2020-02-22 07:27:10] 
INFO [2020-02-22 07:27:10] $cex
INFO [2020-02-22 07:27:10] [1] 2
INFO [2020-02-22 07:27:10] 
INFO [2020-02-22 07:27:10] $cat.fontface
INFO [2020-02-22 07:27:10] [1] 4
INFO [2020-02-22 07:27:10] 
INFO [2020-02-22 07:27:10] $main
INFO [2020-02-22 07:27:10] paste0("overlap of targets ( ", names(miRWalk_list1)[i], " )")
INFO [2020-02-22 07:27:10] 
