INFO [2020-02-22 07:18:25] [[1]]
INFO [2020-02-22 07:18:25] veen_list[[i]]
INFO [2020-02-22 07:18:25] 
INFO [2020-02-22 07:18:25] [[2]]
INFO [2020-02-22 07:18:25] NULL
INFO [2020-02-22 07:18:25] 
INFO [2020-02-22 07:18:25] $fill
INFO [2020-02-22 07:18:25] c("darkmagenta", "darkblue", "yellow")
INFO [2020-02-22 07:18:25] 
INFO [2020-02-22 07:18:25] $alpha
INFO [2020-02-22 07:18:25] c(0.5, 0.5, 0.5)
INFO [2020-02-22 07:18:25] 
INFO [2020-02-22 07:18:25] $cex
INFO [2020-02-22 07:18:25] [1] 2
INFO [2020-02-22 07:18:25] 
INFO [2020-02-22 07:18:25] $cat.fontface
INFO [2020-02-22 07:18:25] [1] 4
INFO [2020-02-22 07:18:25] 
INFO [2020-02-22 07:18:25] $main
INFO [2020-02-22 07:18:25] paste0("overlap of targets ( ", names(miRWalk_list1)[i], " )")
INFO [2020-02-22 07:18:25] 
