INFO [2020-02-22 07:18:30] [[1]]
INFO [2020-02-22 07:18:30] veen_list[[i]]
INFO [2020-02-22 07:18:30] 
INFO [2020-02-22 07:18:30] [[2]]
INFO [2020-02-22 07:18:30] NULL
INFO [2020-02-22 07:18:30] 
INFO [2020-02-22 07:18:30] $fill
INFO [2020-02-22 07:18:30] c("darkmagenta", "darkblue", "yellow")
INFO [2020-02-22 07:18:30] 
INFO [2020-02-22 07:18:30] $alpha
INFO [2020-02-22 07:18:30] c(0.5, 0.5, 0.5)
INFO [2020-02-22 07:18:30] 
INFO [2020-02-22 07:18:30] $cex
INFO [2020-02-22 07:18:30] [1] 2
INFO [2020-02-22 07:18:30] 
INFO [2020-02-22 07:18:30] $cat.fontface
INFO [2020-02-22 07:18:30] [1] 4
INFO [2020-02-22 07:18:30] 
INFO [2020-02-22 07:18:30] $main
INFO [2020-02-22 07:18:30] paste0("overlap of targets ( ", names(miRWalk_list1)[i], " )")
INFO [2020-02-22 07:18:30] 
INFO [2020-02-22 07:18:30] [[1]]
INFO [2020-02-22 07:18:30] veen_list[[i]]
INFO [2020-02-22 07:18:30] 
INFO [2020-02-22 07:18:30] [[2]]
INFO [2020-02-22 07:18:30] NULL
INFO [2020-02-22 07:18:30] 
INFO [2020-02-22 07:18:30] $fill
INFO [2020-02-22 07:18:30] c("darkmagenta", "darkblue", "yellow")
INFO [2020-02-22 07:18:30] 
INFO [2020-02-22 07:18:30] $alpha
INFO [2020-02-22 07:18:30] c(0.5, 0.5, 0.5)
INFO [2020-02-22 07:18:30] 
INFO [2020-02-22 07:18:30] $cex
INFO [2020-02-22 07:18:30] [1] 2
INFO [2020-02-22 07:18:30] 
INFO [2020-02-22 07:18:30] $cat.fontface
INFO [2020-02-22 07:18:30] [1] 4
INFO [2020-02-22 07:18:30] 
INFO [2020-02-22 07:18:30] $main
INFO [2020-02-22 07:18:30] paste0("overlap of targets ( ", names(miRWalk_list1)[i], " )")
INFO [2020-02-22 07:18:30] 
INFO [2020-02-22 07:18:30] [[1]]
INFO [2020-02-22 07:18:30] veen_list[[i]]
INFO [2020-02-22 07:18:30] 
INFO [2020-02-22 07:18:30] [[2]]
INFO [2020-02-22 07:18:30] NULL
INFO [2020-02-22 07:18:30] 
INFO [2020-02-22 07:18:30] $fill
INFO [2020-02-22 07:18:30] c("darkmagenta", "darkblue", "yellow")
INFO [2020-02-22 07:18:30] 
INFO [2020-02-22 07:18:30] $alpha
INFO [2020-02-22 07:18:30] c(0.5, 0.5, 0.5)
INFO [2020-02-22 07:18:30] 
INFO [2020-02-22 07:18:30] $cex
INFO [2020-02-22 07:18:30] [1] 2
INFO [2020-02-22 07:18:30] 
INFO [2020-02-22 07:18:30] $cat.fontface
INFO [2020-02-22 07:18:30] [1] 4
INFO [2020-02-22 07:18:30] 
INFO [2020-02-22 07:18:30] $main
INFO [2020-02-22 07:18:30] paste0("overlap of targets ( ", names(miRWalk_list1)[i], " )")
INFO [2020-02-22 07:18:30] 
