INFO [2020-02-22 07:27:09] [[1]]
INFO [2020-02-22 07:27:09] veen_list[[i]]
INFO [2020-02-22 07:27:09] 
INFO [2020-02-22 07:27:09] [[2]]
INFO [2020-02-22 07:27:09] NULL
INFO [2020-02-22 07:27:09] 
INFO [2020-02-22 07:27:09] $fill
INFO [2020-02-22 07:27:09] c("darkmagenta", "darkblue", "yellow")
INFO [2020-02-22 07:27:09] 
INFO [2020-02-22 07:27:09] $alpha
INFO [2020-02-22 07:27:09] c(0.5, 0.5, 0.5)
INFO [2020-02-22 07:27:09] 
INFO [2020-02-22 07:27:09] $cex
INFO [2020-02-22 07:27:09] [1] 2
INFO [2020-02-22 07:27:09] 
INFO [2020-02-22 07:27:09] $cat.fontface
INFO [2020-02-22 07:27:09] [1] 4
INFO [2020-02-22 07:27:09] 
INFO [2020-02-22 07:27:09] $main
INFO [2020-02-22 07:27:09] paste0("overlap of targets ( ", names(miRWalk_list1)[i], " )")
INFO [2020-02-22 07:27:09] 
INFO [2020-02-22 07:27:09] [[1]]
INFO [2020-02-22 07:27:09] veen_list[[i]]
INFO [2020-02-22 07:27:09] 
INFO [2020-02-22 07:27:09] [[2]]
INFO [2020-02-22 07:27:09] NULL
INFO [2020-02-22 07:27:09] 
INFO [2020-02-22 07:27:09] $fill
INFO [2020-02-22 07:27:09] c("darkmagenta", "darkblue", "yellow")
INFO [2020-02-22 07:27:09] 
INFO [2020-02-22 07:27:09] $alpha
INFO [2020-02-22 07:27:09] c(0.5, 0.5, 0.5)
INFO [2020-02-22 07:27:09] 
INFO [2020-02-22 07:27:09] $cex
INFO [2020-02-22 07:27:09] [1] 2
INFO [2020-02-22 07:27:09] 
INFO [2020-02-22 07:27:09] $cat.fontface
INFO [2020-02-22 07:27:09] [1] 4
INFO [2020-02-22 07:27:09] 
INFO [2020-02-22 07:27:09] $main
INFO [2020-02-22 07:27:09] paste0("overlap of targets ( ", names(miRWalk_list1)[i], " )")
INFO [2020-02-22 07:27:09] 
INFO [2020-02-22 07:27:09] [[1]]
INFO [2020-02-22 07:27:09] veen_list[[i]]
INFO [2020-02-22 07:27:09] 
INFO [2020-02-22 07:27:09] [[2]]
INFO [2020-02-22 07:27:09] NULL
INFO [2020-02-22 07:27:09] 
INFO [2020-02-22 07:27:09] $fill
INFO [2020-02-22 07:27:09] c("darkmagenta", "darkblue", "yellow")
INFO [2020-02-22 07:27:09] 
INFO [2020-02-22 07:27:09] $alpha
INFO [2020-02-22 07:27:09] c(0.5, 0.5, 0.5)
INFO [2020-02-22 07:27:09] 
INFO [2020-02-22 07:27:09] $cex
INFO [2020-02-22 07:27:09] [1] 2
INFO [2020-02-22 07:27:09] 
INFO [2020-02-22 07:27:09] $cat.fontface
INFO [2020-02-22 07:27:09] [1] 4
INFO [2020-02-22 07:27:09] 
INFO [2020-02-22 07:27:09] $main
INFO [2020-02-22 07:27:09] paste0("overlap of targets ( ", names(miRWalk_list1)[i], " )")
INFO [2020-02-22 07:27:09] 
INFO [2020-02-22 07:27:09] [[1]]
INFO [2020-02-22 07:27:09] veen_list[[i]]
INFO [2020-02-22 07:27:09] 
INFO [2020-02-22 07:27:09] [[2]]
INFO [2020-02-22 07:27:09] NULL
INFO [2020-02-22 07:27:09] 
INFO [2020-02-22 07:27:09] $fill
INFO [2020-02-22 07:27:09] c("darkmagenta", "darkblue", "yellow")
INFO [2020-02-22 07:27:09] 
INFO [2020-02-22 07:27:09] $alpha
INFO [2020-02-22 07:27:09] c(0.5, 0.5, 0.5)
INFO [2020-02-22 07:27:09] 
INFO [2020-02-22 07:27:09] $cex
INFO [2020-02-22 07:27:09] [1] 2
INFO [2020-02-22 07:27:09] 
INFO [2020-02-22 07:27:09] $cat.fontface
INFO [2020-02-22 07:27:09] [1] 4
INFO [2020-02-22 07:27:09] 
INFO [2020-02-22 07:27:09] $main
INFO [2020-02-22 07:27:09] paste0("overlap of targets ( ", names(miRWalk_list1)[i], " )")
INFO [2020-02-22 07:27:09] 
