INFO [2020-02-22 07:18:34] [[1]]
INFO [2020-02-22 07:18:34] veen_list[[i]]
INFO [2020-02-22 07:18:34] 
INFO [2020-02-22 07:18:34] [[2]]
INFO [2020-02-22 07:18:34] NULL
INFO [2020-02-22 07:18:34] 
INFO [2020-02-22 07:18:34] $fill
INFO [2020-02-22 07:18:34] c("darkmagenta", "darkblue", "yellow")
INFO [2020-02-22 07:18:34] 
INFO [2020-02-22 07:18:34] $alpha
INFO [2020-02-22 07:18:34] c(0.5, 0.5, 0.5)
INFO [2020-02-22 07:18:34] 
INFO [2020-02-22 07:18:34] $cex
INFO [2020-02-22 07:18:34] [1] 2
INFO [2020-02-22 07:18:34] 
INFO [2020-02-22 07:18:34] $cat.fontface
INFO [2020-02-22 07:18:34] [1] 4
INFO [2020-02-22 07:18:34] 
INFO [2020-02-22 07:18:34] $main
INFO [2020-02-22 07:18:34] paste0("overlap of targets ( ", names(miRWalk_list1)[i], " )")
INFO [2020-02-22 07:18:34] 
INFO [2020-02-22 07:18:34] [[1]]
INFO [2020-02-22 07:18:34] veen_list[[i]]
INFO [2020-02-22 07:18:34] 
INFO [2020-02-22 07:18:34] [[2]]
INFO [2020-02-22 07:18:34] NULL
INFO [2020-02-22 07:18:34] 
INFO [2020-02-22 07:18:34] $fill
INFO [2020-02-22 07:18:34] c("darkmagenta", "darkblue", "yellow")
INFO [2020-02-22 07:18:34] 
INFO [2020-02-22 07:18:34] $alpha
INFO [2020-02-22 07:18:34] c(0.5, 0.5, 0.5)
INFO [2020-02-22 07:18:34] 
INFO [2020-02-22 07:18:34] $cex
INFO [2020-02-22 07:18:34] [1] 2
INFO [2020-02-22 07:18:34] 
INFO [2020-02-22 07:18:34] $cat.fontface
INFO [2020-02-22 07:18:34] [1] 4
INFO [2020-02-22 07:18:34] 
INFO [2020-02-22 07:18:34] $main
INFO [2020-02-22 07:18:34] paste0("overlap of targets ( ", names(miRWalk_list1)[i], " )")
INFO [2020-02-22 07:18:34] 
INFO [2020-02-22 07:18:34] [[1]]
INFO [2020-02-22 07:18:34] veen_list[[i]]
INFO [2020-02-22 07:18:34] 
INFO [2020-02-22 07:18:34] [[2]]
INFO [2020-02-22 07:18:34] NULL
INFO [2020-02-22 07:18:34] 
INFO [2020-02-22 07:18:34] $fill
INFO [2020-02-22 07:18:34] c("darkmagenta", "darkblue", "yellow")
INFO [2020-02-22 07:18:34] 
INFO [2020-02-22 07:18:34] $alpha
INFO [2020-02-22 07:18:34] c(0.5, 0.5, 0.5)
INFO [2020-02-22 07:18:34] 
INFO [2020-02-22 07:18:34] $cex
INFO [2020-02-22 07:18:34] [1] 2
INFO [2020-02-22 07:18:34] 
INFO [2020-02-22 07:18:34] $cat.fontface
INFO [2020-02-22 07:18:34] [1] 4
INFO [2020-02-22 07:18:34] 
INFO [2020-02-22 07:18:34] $main
INFO [2020-02-22 07:18:34] paste0("overlap of targets ( ", names(miRWalk_list1)[i], " )")
INFO [2020-02-22 07:18:34] 
