INFO [2020-02-22 07:18:31] [[1]]
INFO [2020-02-22 07:18:31] veen_list[[i]]
INFO [2020-02-22 07:18:31] 
INFO [2020-02-22 07:18:31] [[2]]
INFO [2020-02-22 07:18:31] NULL
INFO [2020-02-22 07:18:31] 
INFO [2020-02-22 07:18:31] $fill
INFO [2020-02-22 07:18:31] c("darkmagenta", "darkblue", "yellow")
INFO [2020-02-22 07:18:31] 
INFO [2020-02-22 07:18:31] $alpha
INFO [2020-02-22 07:18:31] c(0.5, 0.5, 0.5)
INFO [2020-02-22 07:18:31] 
INFO [2020-02-22 07:18:31] $cex
INFO [2020-02-22 07:18:31] [1] 2
INFO [2020-02-22 07:18:31] 
INFO [2020-02-22 07:18:31] $cat.fontface
INFO [2020-02-22 07:18:31] [1] 4
INFO [2020-02-22 07:18:31] 
INFO [2020-02-22 07:18:31] $main
INFO [2020-02-22 07:18:31] paste0("overlap of targets ( ", names(miRWalk_list1)[i], " )")
INFO [2020-02-22 07:18:31] 
INFO [2020-02-22 07:18:31] [[1]]
INFO [2020-02-22 07:18:31] veen_list[[i]]
INFO [2020-02-22 07:18:31] 
INFO [2020-02-22 07:18:31] [[2]]
INFO [2020-02-22 07:18:31] NULL
INFO [2020-02-22 07:18:31] 
INFO [2020-02-22 07:18:31] $fill
INFO [2020-02-22 07:18:31] c("darkmagenta", "darkblue", "yellow")
INFO [2020-02-22 07:18:31] 
INFO [2020-02-22 07:18:31] $alpha
INFO [2020-02-22 07:18:31] c(0.5, 0.5, 0.5)
INFO [2020-02-22 07:18:31] 
INFO [2020-02-22 07:18:31] $cex
INFO [2020-02-22 07:18:31] [1] 2
INFO [2020-02-22 07:18:31] 
INFO [2020-02-22 07:18:31] $cat.fontface
INFO [2020-02-22 07:18:31] [1] 4
INFO [2020-02-22 07:18:31] 
INFO [2020-02-22 07:18:31] $main
INFO [2020-02-22 07:18:31] paste0("overlap of targets ( ", names(miRWalk_list1)[i], " )")
INFO [2020-02-22 07:18:31] 
INFO [2020-02-22 07:18:31] [[1]]
INFO [2020-02-22 07:18:31] veen_list[[i]]
INFO [2020-02-22 07:18:31] 
INFO [2020-02-22 07:18:31] [[2]]
INFO [2020-02-22 07:18:31] NULL
INFO [2020-02-22 07:18:31] 
INFO [2020-02-22 07:18:31] $fill
INFO [2020-02-22 07:18:31] c("darkmagenta", "darkblue", "yellow")
INFO [2020-02-22 07:18:31] 
INFO [2020-02-22 07:18:31] $alpha
INFO [2020-02-22 07:18:31] c(0.5, 0.5, 0.5)
INFO [2020-02-22 07:18:31] 
INFO [2020-02-22 07:18:31] $cex
INFO [2020-02-22 07:18:31] [1] 2
INFO [2020-02-22 07:18:31] 
INFO [2020-02-22 07:18:31] $cat.fontface
INFO [2020-02-22 07:18:31] [1] 4
INFO [2020-02-22 07:18:31] 
INFO [2020-02-22 07:18:31] $main
INFO [2020-02-22 07:18:31] paste0("overlap of targets ( ", names(miRWalk_list1)[i], " )")
INFO [2020-02-22 07:18:31] 
INFO [2020-02-22 07:18:31] [[1]]
INFO [2020-02-22 07:18:31] veen_list[[i]]
INFO [2020-02-22 07:18:31] 
INFO [2020-02-22 07:18:31] [[2]]
INFO [2020-02-22 07:18:31] NULL
INFO [2020-02-22 07:18:31] 
INFO [2020-02-22 07:18:31] $fill
INFO [2020-02-22 07:18:31] c("darkmagenta", "darkblue", "yellow")
INFO [2020-02-22 07:18:31] 
INFO [2020-02-22 07:18:31] $alpha
INFO [2020-02-22 07:18:31] c(0.5, 0.5, 0.5)
INFO [2020-02-22 07:18:31] 
INFO [2020-02-22 07:18:31] $cex
INFO [2020-02-22 07:18:31] [1] 2
INFO [2020-02-22 07:18:31] 
INFO [2020-02-22 07:18:31] $cat.fontface
INFO [2020-02-22 07:18:31] [1] 4
INFO [2020-02-22 07:18:31] 
INFO [2020-02-22 07:18:31] $main
INFO [2020-02-22 07:18:31] paste0("overlap of targets ( ", names(miRWalk_list1)[i], " )")
INFO [2020-02-22 07:18:31] 
