INFO [2020-02-22 07:18:26] [[1]]
INFO [2020-02-22 07:18:26] veen_list[[i]]
INFO [2020-02-22 07:18:26] 
INFO [2020-02-22 07:18:26] [[2]]
INFO [2020-02-22 07:18:26] NULL
INFO [2020-02-22 07:18:26] 
INFO [2020-02-22 07:18:26] $fill
INFO [2020-02-22 07:18:26] c("darkmagenta", "darkblue", "yellow")
INFO [2020-02-22 07:18:26] 
INFO [2020-02-22 07:18:26] $alpha
INFO [2020-02-22 07:18:26] c(0.5, 0.5, 0.5)
INFO [2020-02-22 07:18:26] 
INFO [2020-02-22 07:18:26] $cex
INFO [2020-02-22 07:18:26] [1] 2
INFO [2020-02-22 07:18:26] 
INFO [2020-02-22 07:18:26] $cat.fontface
INFO [2020-02-22 07:18:26] [1] 4
INFO [2020-02-22 07:18:26] 
INFO [2020-02-22 07:18:26] $main
INFO [2020-02-22 07:18:26] paste0("overlap of targets ( ", names(miRWalk_list1)[i], " )")
INFO [2020-02-22 07:18:26] 
INFO [2020-02-22 07:18:26] [[1]]
INFO [2020-02-22 07:18:26] veen_list[[i]]
INFO [2020-02-22 07:18:26] 
INFO [2020-02-22 07:18:26] [[2]]
INFO [2020-02-22 07:18:26] NULL
INFO [2020-02-22 07:18:26] 
INFO [2020-02-22 07:18:26] $fill
INFO [2020-02-22 07:18:26] c("darkmagenta", "darkblue", "yellow")
INFO [2020-02-22 07:18:26] 
INFO [2020-02-22 07:18:26] $alpha
INFO [2020-02-22 07:18:26] c(0.5, 0.5, 0.5)
INFO [2020-02-22 07:18:26] 
INFO [2020-02-22 07:18:26] $cex
INFO [2020-02-22 07:18:26] [1] 2
INFO [2020-02-22 07:18:26] 
INFO [2020-02-22 07:18:26] $cat.fontface
INFO [2020-02-22 07:18:26] [1] 4
INFO [2020-02-22 07:18:26] 
INFO [2020-02-22 07:18:26] $main
INFO [2020-02-22 07:18:26] paste0("overlap of targets ( ", names(miRWalk_list1)[i], " )")
INFO [2020-02-22 07:18:26] 
INFO [2020-02-22 07:18:26] [[1]]
INFO [2020-02-22 07:18:26] veen_list[[i]]
INFO [2020-02-22 07:18:26] 
INFO [2020-02-22 07:18:26] [[2]]
INFO [2020-02-22 07:18:26] NULL
INFO [2020-02-22 07:18:26] 
INFO [2020-02-22 07:18:26] $fill
INFO [2020-02-22 07:18:26] c("darkmagenta", "darkblue", "yellow")
INFO [2020-02-22 07:18:26] 
INFO [2020-02-22 07:18:26] $alpha
INFO [2020-02-22 07:18:26] c(0.5, 0.5, 0.5)
INFO [2020-02-22 07:18:26] 
INFO [2020-02-22 07:18:26] $cex
INFO [2020-02-22 07:18:26] [1] 2
INFO [2020-02-22 07:18:26] 
INFO [2020-02-22 07:18:26] $cat.fontface
INFO [2020-02-22 07:18:26] [1] 4
INFO [2020-02-22 07:18:26] 
INFO [2020-02-22 07:18:26] $main
INFO [2020-02-22 07:18:26] paste0("overlap of targets ( ", names(miRWalk_list1)[i], " )")
INFO [2020-02-22 07:18:26] 
