INFO [2020-02-22 07:18:27] [[1]]
INFO [2020-02-22 07:18:27] veen_list[[i]]
INFO [2020-02-22 07:18:27] 
INFO [2020-02-22 07:18:27] [[2]]
INFO [2020-02-22 07:18:27] NULL
INFO [2020-02-22 07:18:27] 
INFO [2020-02-22 07:18:27] $fill
INFO [2020-02-22 07:18:27] c("darkmagenta", "darkblue", "yellow")
INFO [2020-02-22 07:18:27] 
INFO [2020-02-22 07:18:27] $alpha
INFO [2020-02-22 07:18:27] c(0.5, 0.5, 0.5)
INFO [2020-02-22 07:18:27] 
INFO [2020-02-22 07:18:27] $cex
INFO [2020-02-22 07:18:27] [1] 2
INFO [2020-02-22 07:18:27] 
INFO [2020-02-22 07:18:27] $cat.fontface
INFO [2020-02-22 07:18:27] [1] 4
INFO [2020-02-22 07:18:27] 
INFO [2020-02-22 07:18:27] $main
INFO [2020-02-22 07:18:27] paste0("overlap of targets ( ", names(miRWalk_list1)[i], " )")
INFO [2020-02-22 07:18:27] 
INFO [2020-02-22 07:18:27] [[1]]
INFO [2020-02-22 07:18:27] veen_list[[i]]
INFO [2020-02-22 07:18:27] 
INFO [2020-02-22 07:18:27] [[2]]
INFO [2020-02-22 07:18:27] NULL
INFO [2020-02-22 07:18:27] 
INFO [2020-02-22 07:18:27] $fill
INFO [2020-02-22 07:18:27] c("darkmagenta", "darkblue", "yellow")
INFO [2020-02-22 07:18:27] 
INFO [2020-02-22 07:18:27] $alpha
INFO [2020-02-22 07:18:27] c(0.5, 0.5, 0.5)
INFO [2020-02-22 07:18:27] 
INFO [2020-02-22 07:18:27] $cex
INFO [2020-02-22 07:18:27] [1] 2
INFO [2020-02-22 07:18:27] 
INFO [2020-02-22 07:18:27] $cat.fontface
INFO [2020-02-22 07:18:27] [1] 4
INFO [2020-02-22 07:18:27] 
INFO [2020-02-22 07:18:27] $main
INFO [2020-02-22 07:18:27] paste0("overlap of targets ( ", names(miRWalk_list1)[i], " )")
INFO [2020-02-22 07:18:27] 
INFO [2020-02-22 07:18:27] [[1]]
INFO [2020-02-22 07:18:27] veen_list[[i]]
INFO [2020-02-22 07:18:27] 
INFO [2020-02-22 07:18:27] [[2]]
INFO [2020-02-22 07:18:27] NULL
INFO [2020-02-22 07:18:27] 
INFO [2020-02-22 07:18:27] $fill
INFO [2020-02-22 07:18:27] c("darkmagenta", "darkblue", "yellow")
INFO [2020-02-22 07:18:27] 
INFO [2020-02-22 07:18:27] $alpha
INFO [2020-02-22 07:18:27] c(0.5, 0.5, 0.5)
INFO [2020-02-22 07:18:27] 
INFO [2020-02-22 07:18:27] $cex
INFO [2020-02-22 07:18:27] [1] 2
INFO [2020-02-22 07:18:27] 
INFO [2020-02-22 07:18:27] $cat.fontface
INFO [2020-02-22 07:18:27] [1] 4
INFO [2020-02-22 07:18:27] 
INFO [2020-02-22 07:18:27] $main
INFO [2020-02-22 07:18:27] paste0("overlap of targets ( ", names(miRWalk_list1)[i], " )")
INFO [2020-02-22 07:18:27] 
INFO [2020-02-22 07:18:27] [[1]]
INFO [2020-02-22 07:18:27] veen_list[[i]]
INFO [2020-02-22 07:18:27] 
INFO [2020-02-22 07:18:27] [[2]]
INFO [2020-02-22 07:18:27] NULL
INFO [2020-02-22 07:18:27] 
INFO [2020-02-22 07:18:27] $fill
INFO [2020-02-22 07:18:27] c("darkmagenta", "darkblue", "yellow")
INFO [2020-02-22 07:18:27] 
INFO [2020-02-22 07:18:27] $alpha
INFO [2020-02-22 07:18:27] c(0.5, 0.5, 0.5)
INFO [2020-02-22 07:18:27] 
INFO [2020-02-22 07:18:27] $cex
INFO [2020-02-22 07:18:27] [1] 2
INFO [2020-02-22 07:18:27] 
INFO [2020-02-22 07:18:27] $cat.fontface
INFO [2020-02-22 07:18:27] [1] 4
INFO [2020-02-22 07:18:27] 
INFO [2020-02-22 07:18:27] $main
INFO [2020-02-22 07:18:27] paste0("overlap of targets ( ", names(miRWalk_list1)[i], " )")
INFO [2020-02-22 07:18:27] 
