INFO [2020-02-22 07:27:06] [[1]]
INFO [2020-02-22 07:27:06] veen_list[[i]]
INFO [2020-02-22 07:27:06] 
INFO [2020-02-22 07:27:06] [[2]]
INFO [2020-02-22 07:27:06] NULL
INFO [2020-02-22 07:27:06] 
INFO [2020-02-22 07:27:06] $fill
INFO [2020-02-22 07:27:06] c("darkmagenta", "darkblue", "yellow")
INFO [2020-02-22 07:27:06] 
INFO [2020-02-22 07:27:06] $alpha
INFO [2020-02-22 07:27:06] c(0.5, 0.5, 0.5)
INFO [2020-02-22 07:27:06] 
INFO [2020-02-22 07:27:06] $cex
INFO [2020-02-22 07:27:06] [1] 2
INFO [2020-02-22 07:27:06] 
INFO [2020-02-22 07:27:06] $cat.fontface
INFO [2020-02-22 07:27:06] [1] 4
INFO [2020-02-22 07:27:06] 
INFO [2020-02-22 07:27:06] $main
INFO [2020-02-22 07:27:06] paste0("overlap of targets ( ", names(miRWalk_list1)[i], " )")
INFO [2020-02-22 07:27:06] 
INFO [2020-02-22 07:27:06] [[1]]
INFO [2020-02-22 07:27:06] veen_list[[i]]
INFO [2020-02-22 07:27:06] 
INFO [2020-02-22 07:27:06] [[2]]
INFO [2020-02-22 07:27:06] NULL
INFO [2020-02-22 07:27:06] 
INFO [2020-02-22 07:27:06] $fill
INFO [2020-02-22 07:27:06] c("darkmagenta", "darkblue", "yellow")
INFO [2020-02-22 07:27:06] 
INFO [2020-02-22 07:27:06] $alpha
INFO [2020-02-22 07:27:06] c(0.5, 0.5, 0.5)
INFO [2020-02-22 07:27:06] 
INFO [2020-02-22 07:27:06] $cex
INFO [2020-02-22 07:27:06] [1] 2
INFO [2020-02-22 07:27:06] 
INFO [2020-02-22 07:27:06] $cat.fontface
INFO [2020-02-22 07:27:06] [1] 4
INFO [2020-02-22 07:27:06] 
INFO [2020-02-22 07:27:06] $main
INFO [2020-02-22 07:27:06] paste0("overlap of targets ( ", names(miRWalk_list1)[i], " )")
INFO [2020-02-22 07:27:06] 
