INFO [2020-02-22 07:27:08] [[1]]
INFO [2020-02-22 07:27:08] veen_list[[i]]
INFO [2020-02-22 07:27:08] 
INFO [2020-02-22 07:27:08] [[2]]
INFO [2020-02-22 07:27:08] NULL
INFO [2020-02-22 07:27:08] 
INFO [2020-02-22 07:27:08] $fill
INFO [2020-02-22 07:27:08] c("darkmagenta", "darkblue", "yellow")
INFO [2020-02-22 07:27:08] 
INFO [2020-02-22 07:27:08] $alpha
INFO [2020-02-22 07:27:08] c(0.5, 0.5, 0.5)
INFO [2020-02-22 07:27:08] 
INFO [2020-02-22 07:27:08] $cex
INFO [2020-02-22 07:27:08] [1] 2
INFO [2020-02-22 07:27:08] 
INFO [2020-02-22 07:27:08] $cat.fontface
INFO [2020-02-22 07:27:08] [1] 4
INFO [2020-02-22 07:27:08] 
INFO [2020-02-22 07:27:08] $main
INFO [2020-02-22 07:27:08] paste0("overlap of targets ( ", names(miRWalk_list1)[i], " )")
INFO [2020-02-22 07:27:08] 
INFO [2020-02-22 07:27:08] [[1]]
INFO [2020-02-22 07:27:08] veen_list[[i]]
INFO [2020-02-22 07:27:08] 
INFO [2020-02-22 07:27:08] [[2]]
INFO [2020-02-22 07:27:08] NULL
INFO [2020-02-22 07:27:08] 
INFO [2020-02-22 07:27:08] $fill
INFO [2020-02-22 07:27:08] c("darkmagenta", "darkblue", "yellow")
INFO [2020-02-22 07:27:08] 
INFO [2020-02-22 07:27:08] $alpha
INFO [2020-02-22 07:27:08] c(0.5, 0.5, 0.5)
INFO [2020-02-22 07:27:08] 
INFO [2020-02-22 07:27:08] $cex
INFO [2020-02-22 07:27:08] [1] 2
INFO [2020-02-22 07:27:08] 
INFO [2020-02-22 07:27:08] $cat.fontface
INFO [2020-02-22 07:27:08] [1] 4
INFO [2020-02-22 07:27:08] 
INFO [2020-02-22 07:27:08] $main
INFO [2020-02-22 07:27:08] paste0("overlap of targets ( ", names(miRWalk_list1)[i], " )")
INFO [2020-02-22 07:27:08] 
