INFO [2020-02-22 07:18:32] [[1]]
INFO [2020-02-22 07:18:32] veen_list[[i]]
INFO [2020-02-22 07:18:32] 
INFO [2020-02-22 07:18:32] [[2]]
INFO [2020-02-22 07:18:32] NULL
INFO [2020-02-22 07:18:32] 
INFO [2020-02-22 07:18:32] $fill
INFO [2020-02-22 07:18:32] c("darkmagenta", "darkblue", "yellow")
INFO [2020-02-22 07:18:32] 
INFO [2020-02-22 07:18:32] $alpha
INFO [2020-02-22 07:18:32] c(0.5, 0.5, 0.5)
INFO [2020-02-22 07:18:32] 
INFO [2020-02-22 07:18:32] $cex
INFO [2020-02-22 07:18:32] [1] 2
INFO [2020-02-22 07:18:32] 
INFO [2020-02-22 07:18:32] $cat.fontface
INFO [2020-02-22 07:18:32] [1] 4
INFO [2020-02-22 07:18:32] 
INFO [2020-02-22 07:18:32] $main
INFO [2020-02-22 07:18:32] paste0("overlap of targets ( ", names(miRWalk_list1)[i], " )")
INFO [2020-02-22 07:18:32] 
INFO [2020-02-22 07:18:32] [[1]]
INFO [2020-02-22 07:18:32] veen_list[[i]]
INFO [2020-02-22 07:18:32] 
INFO [2020-02-22 07:18:32] [[2]]
INFO [2020-02-22 07:18:32] NULL
INFO [2020-02-22 07:18:32] 
INFO [2020-02-22 07:18:32] $fill
INFO [2020-02-22 07:18:32] c("darkmagenta", "darkblue", "yellow")
INFO [2020-02-22 07:18:32] 
INFO [2020-02-22 07:18:32] $alpha
INFO [2020-02-22 07:18:32] c(0.5, 0.5, 0.5)
INFO [2020-02-22 07:18:32] 
INFO [2020-02-22 07:18:32] $cex
INFO [2020-02-22 07:18:32] [1] 2
INFO [2020-02-22 07:18:32] 
INFO [2020-02-22 07:18:32] $cat.fontface
INFO [2020-02-22 07:18:32] [1] 4
INFO [2020-02-22 07:18:32] 
INFO [2020-02-22 07:18:32] $main
INFO [2020-02-22 07:18:32] paste0("overlap of targets ( ", names(miRWalk_list1)[i], " )")
INFO [2020-02-22 07:18:32] 
INFO [2020-02-22 07:18:32] [[1]]
INFO [2020-02-22 07:18:32] veen_list[[i]]
INFO [2020-02-22 07:18:32] 
INFO [2020-02-22 07:18:32] [[2]]
INFO [2020-02-22 07:18:32] NULL
INFO [2020-02-22 07:18:32] 
INFO [2020-02-22 07:18:32] $fill
INFO [2020-02-22 07:18:32] c("darkmagenta", "darkblue", "yellow")
INFO [2020-02-22 07:18:32] 
INFO [2020-02-22 07:18:32] $alpha
INFO [2020-02-22 07:18:32] c(0.5, 0.5, 0.5)
INFO [2020-02-22 07:18:32] 
INFO [2020-02-22 07:18:32] $cex
INFO [2020-02-22 07:18:32] [1] 2
INFO [2020-02-22 07:18:32] 
INFO [2020-02-22 07:18:32] $cat.fontface
INFO [2020-02-22 07:18:32] [1] 4
INFO [2020-02-22 07:18:32] 
INFO [2020-02-22 07:18:32] $main
INFO [2020-02-22 07:18:32] paste0("overlap of targets ( ", names(miRWalk_list1)[i], " )")
INFO [2020-02-22 07:18:32] 
