INFO [2020-02-22 07:27:15] [[1]]
INFO [2020-02-22 07:27:15] veen_list[[i]]
INFO [2020-02-22 07:27:15] 
INFO [2020-02-22 07:27:15] [[2]]
INFO [2020-02-22 07:27:15] NULL
INFO [2020-02-22 07:27:15] 
INFO [2020-02-22 07:27:15] $fill
INFO [2020-02-22 07:27:15] c("darkmagenta", "darkblue", "yellow")
INFO [2020-02-22 07:27:15] 
INFO [2020-02-22 07:27:15] $alpha
INFO [2020-02-22 07:27:15] c(0.5, 0.5, 0.5)
INFO [2020-02-22 07:27:15] 
INFO [2020-02-22 07:27:15] $cex
INFO [2020-02-22 07:27:15] [1] 2
INFO [2020-02-22 07:27:15] 
INFO [2020-02-22 07:27:15] $cat.fontface
INFO [2020-02-22 07:27:15] [1] 4
INFO [2020-02-22 07:27:15] 
INFO [2020-02-22 07:27:15] $main
INFO [2020-02-22 07:27:15] paste0("overlap of targets ( ", names(miRWalk_list1)[i], " )")
INFO [2020-02-22 07:27:15] 
INFO [2020-02-22 07:27:15] [[1]]
INFO [2020-02-22 07:27:15] veen_list[[i]]
INFO [2020-02-22 07:27:15] 
INFO [2020-02-22 07:27:15] [[2]]
INFO [2020-02-22 07:27:15] NULL
INFO [2020-02-22 07:27:15] 
INFO [2020-02-22 07:27:15] $fill
INFO [2020-02-22 07:27:15] c("darkmagenta", "darkblue", "yellow")
INFO [2020-02-22 07:27:15] 
INFO [2020-02-22 07:27:15] $alpha
INFO [2020-02-22 07:27:15] c(0.5, 0.5, 0.5)
INFO [2020-02-22 07:27:15] 
INFO [2020-02-22 07:27:15] $cex
INFO [2020-02-22 07:27:15] [1] 2
INFO [2020-02-22 07:27:15] 
INFO [2020-02-22 07:27:15] $cat.fontface
INFO [2020-02-22 07:27:15] [1] 4
INFO [2020-02-22 07:27:15] 
INFO [2020-02-22 07:27:15] $main
INFO [2020-02-22 07:27:15] paste0("overlap of targets ( ", names(miRWalk_list1)[i], " )")
INFO [2020-02-22 07:27:15] 
INFO [2020-02-22 07:27:15] [[1]]
INFO [2020-02-22 07:27:15] veen_list[[i]]
INFO [2020-02-22 07:27:15] 
INFO [2020-02-22 07:27:15] [[2]]
INFO [2020-02-22 07:27:15] NULL
INFO [2020-02-22 07:27:15] 
INFO [2020-02-22 07:27:15] $fill
INFO [2020-02-22 07:27:15] c("darkmagenta", "darkblue", "yellow")
INFO [2020-02-22 07:27:15] 
INFO [2020-02-22 07:27:15] $alpha
INFO [2020-02-22 07:27:15] c(0.5, 0.5, 0.5)
INFO [2020-02-22 07:27:15] 
INFO [2020-02-22 07:27:15] $cex
INFO [2020-02-22 07:27:15] [1] 2
INFO [2020-02-22 07:27:15] 
INFO [2020-02-22 07:27:15] $cat.fontface
INFO [2020-02-22 07:27:15] [1] 4
INFO [2020-02-22 07:27:15] 
INFO [2020-02-22 07:27:15] $main
INFO [2020-02-22 07:27:15] paste0("overlap of targets ( ", names(miRWalk_list1)[i], " )")
INFO [2020-02-22 07:27:15] 
