INFO [2020-02-22 07:27:07] [[1]]
INFO [2020-02-22 07:27:07] veen_list[[i]]
INFO [2020-02-22 07:27:07] 
INFO [2020-02-22 07:27:07] [[2]]
INFO [2020-02-22 07:27:07] NULL
INFO [2020-02-22 07:27:07] 
INFO [2020-02-22 07:27:07] $fill
INFO [2020-02-22 07:27:07] c("darkmagenta", "darkblue", "yellow")
INFO [2020-02-22 07:27:07] 
INFO [2020-02-22 07:27:07] $alpha
INFO [2020-02-22 07:27:07] c(0.5, 0.5, 0.5)
INFO [2020-02-22 07:27:07] 
INFO [2020-02-22 07:27:07] $cex
INFO [2020-02-22 07:27:07] [1] 2
INFO [2020-02-22 07:27:07] 
INFO [2020-02-22 07:27:07] $cat.fontface
INFO [2020-02-22 07:27:07] [1] 4
INFO [2020-02-22 07:27:07] 
INFO [2020-02-22 07:27:07] $main
INFO [2020-02-22 07:27:07] paste0("overlap of targets ( ", names(miRWalk_list1)[i], " )")
INFO [2020-02-22 07:27:07] 
INFO [2020-02-22 07:27:07] [[1]]
INFO [2020-02-22 07:27:07] veen_list[[i]]
INFO [2020-02-22 07:27:07] 
INFO [2020-02-22 07:27:07] [[2]]
INFO [2020-02-22 07:27:07] NULL
INFO [2020-02-22 07:27:07] 
INFO [2020-02-22 07:27:07] $fill
INFO [2020-02-22 07:27:07] c("darkmagenta", "darkblue", "yellow")
INFO [2020-02-22 07:27:07] 
INFO [2020-02-22 07:27:07] $alpha
INFO [2020-02-22 07:27:07] c(0.5, 0.5, 0.5)
INFO [2020-02-22 07:27:07] 
INFO [2020-02-22 07:27:07] $cex
INFO [2020-02-22 07:27:07] [1] 2
INFO [2020-02-22 07:27:07] 
INFO [2020-02-22 07:27:07] $cat.fontface
INFO [2020-02-22 07:27:07] [1] 4
INFO [2020-02-22 07:27:07] 
INFO [2020-02-22 07:27:07] $main
INFO [2020-02-22 07:27:07] paste0("overlap of targets ( ", names(miRWalk_list1)[i], " )")
INFO [2020-02-22 07:27:07] 
INFO [2020-02-22 07:27:07] [[1]]
INFO [2020-02-22 07:27:07] veen_list[[i]]
INFO [2020-02-22 07:27:07] 
INFO [2020-02-22 07:27:07] [[2]]
INFO [2020-02-22 07:27:07] NULL
INFO [2020-02-22 07:27:07] 
INFO [2020-02-22 07:27:07] $fill
INFO [2020-02-22 07:27:07] c("darkmagenta", "darkblue", "yellow")
INFO [2020-02-22 07:27:07] 
INFO [2020-02-22 07:27:07] $alpha
INFO [2020-02-22 07:27:07] c(0.5, 0.5, 0.5)
INFO [2020-02-22 07:27:07] 
INFO [2020-02-22 07:27:07] $cex
INFO [2020-02-22 07:27:07] [1] 2
INFO [2020-02-22 07:27:07] 
INFO [2020-02-22 07:27:07] $cat.fontface
INFO [2020-02-22 07:27:07] [1] 4
INFO [2020-02-22 07:27:07] 
INFO [2020-02-22 07:27:07] $main
INFO [2020-02-22 07:27:07] paste0("overlap of targets ( ", names(miRWalk_list1)[i], " )")
INFO [2020-02-22 07:27:07] 
INFO [2020-02-22 07:27:07] [[1]]
INFO [2020-02-22 07:27:07] veen_list[[i]]
INFO [2020-02-22 07:27:07] 
INFO [2020-02-22 07:27:07] [[2]]
INFO [2020-02-22 07:27:07] NULL
INFO [2020-02-22 07:27:07] 
INFO [2020-02-22 07:27:07] $fill
INFO [2020-02-22 07:27:07] c("darkmagenta", "darkblue", "yellow")
INFO [2020-02-22 07:27:07] 
INFO [2020-02-22 07:27:07] $alpha
INFO [2020-02-22 07:27:07] c(0.5, 0.5, 0.5)
INFO [2020-02-22 07:27:07] 
INFO [2020-02-22 07:27:07] $cex
INFO [2020-02-22 07:27:07] [1] 2
INFO [2020-02-22 07:27:07] 
INFO [2020-02-22 07:27:07] $cat.fontface
INFO [2020-02-22 07:27:07] [1] 4
INFO [2020-02-22 07:27:07] 
INFO [2020-02-22 07:27:07] $main
INFO [2020-02-22 07:27:07] paste0("overlap of targets ( ", names(miRWalk_list1)[i], " )")
INFO [2020-02-22 07:27:07] 
