INFO [2020-02-22 07:27:13] [[1]]
INFO [2020-02-22 07:27:13] veen_list[[i]]
INFO [2020-02-22 07:27:13] 
INFO [2020-02-22 07:27:13] [[2]]
INFO [2020-02-22 07:27:13] NULL
INFO [2020-02-22 07:27:13] 
INFO [2020-02-22 07:27:13] $fill
INFO [2020-02-22 07:27:13] c("darkmagenta", "darkblue", "yellow")
INFO [2020-02-22 07:27:13] 
INFO [2020-02-22 07:27:13] $alpha
INFO [2020-02-22 07:27:13] c(0.5, 0.5, 0.5)
INFO [2020-02-22 07:27:13] 
INFO [2020-02-22 07:27:13] $cex
INFO [2020-02-22 07:27:13] [1] 2
INFO [2020-02-22 07:27:13] 
INFO [2020-02-22 07:27:13] $cat.fontface
INFO [2020-02-22 07:27:13] [1] 4
INFO [2020-02-22 07:27:13] 
INFO [2020-02-22 07:27:13] $main
INFO [2020-02-22 07:27:13] paste0("overlap of targets ( ", names(miRWalk_list1)[i], " )")
INFO [2020-02-22 07:27:13] 
INFO [2020-02-22 07:27:13] [[1]]
INFO [2020-02-22 07:27:13] veen_list[[i]]
INFO [2020-02-22 07:27:13] 
INFO [2020-02-22 07:27:13] [[2]]
INFO [2020-02-22 07:27:13] NULL
INFO [2020-02-22 07:27:13] 
INFO [2020-02-22 07:27:13] $fill
INFO [2020-02-22 07:27:13] c("darkmagenta", "darkblue", "yellow")
INFO [2020-02-22 07:27:13] 
INFO [2020-02-22 07:27:13] $alpha
INFO [2020-02-22 07:27:13] c(0.5, 0.5, 0.5)
INFO [2020-02-22 07:27:13] 
INFO [2020-02-22 07:27:13] $cex
INFO [2020-02-22 07:27:13] [1] 2
INFO [2020-02-22 07:27:13] 
INFO [2020-02-22 07:27:13] $cat.fontface
INFO [2020-02-22 07:27:13] [1] 4
INFO [2020-02-22 07:27:13] 
INFO [2020-02-22 07:27:13] $main
INFO [2020-02-22 07:27:13] paste0("overlap of targets ( ", names(miRWalk_list1)[i], " )")
INFO [2020-02-22 07:27:13] 
INFO [2020-02-22 07:27:13] [[1]]
INFO [2020-02-22 07:27:13] veen_list[[i]]
INFO [2020-02-22 07:27:13] 
INFO [2020-02-22 07:27:13] [[2]]
INFO [2020-02-22 07:27:13] NULL
INFO [2020-02-22 07:27:13] 
INFO [2020-02-22 07:27:13] $fill
INFO [2020-02-22 07:27:13] c("darkmagenta", "darkblue", "yellow")
INFO [2020-02-22 07:27:13] 
INFO [2020-02-22 07:27:13] $alpha
INFO [2020-02-22 07:27:13] c(0.5, 0.5, 0.5)
INFO [2020-02-22 07:27:13] 
INFO [2020-02-22 07:27:13] $cex
INFO [2020-02-22 07:27:13] [1] 2
INFO [2020-02-22 07:27:13] 
INFO [2020-02-22 07:27:13] $cat.fontface
INFO [2020-02-22 07:27:13] [1] 4
INFO [2020-02-22 07:27:13] 
INFO [2020-02-22 07:27:13] $main
INFO [2020-02-22 07:27:13] paste0("overlap of targets ( ", names(miRWalk_list1)[i], " )")
INFO [2020-02-22 07:27:13] 
INFO [2020-02-22 07:27:13] [[1]]
INFO [2020-02-22 07:27:13] veen_list[[i]]
INFO [2020-02-22 07:27:13] 
INFO [2020-02-22 07:27:13] [[2]]
INFO [2020-02-22 07:27:13] NULL
INFO [2020-02-22 07:27:13] 
INFO [2020-02-22 07:27:13] $fill
INFO [2020-02-22 07:27:13] c("darkmagenta", "darkblue", "yellow")
INFO [2020-02-22 07:27:13] 
INFO [2020-02-22 07:27:13] $alpha
INFO [2020-02-22 07:27:13] c(0.5, 0.5, 0.5)
INFO [2020-02-22 07:27:13] 
INFO [2020-02-22 07:27:13] $cex
INFO [2020-02-22 07:27:13] [1] 2
INFO [2020-02-22 07:27:13] 
INFO [2020-02-22 07:27:13] $cat.fontface
INFO [2020-02-22 07:27:13] [1] 4
INFO [2020-02-22 07:27:13] 
INFO [2020-02-22 07:27:13] $main
INFO [2020-02-22 07:27:13] paste0("overlap of targets ( ", names(miRWalk_list1)[i], " )")
INFO [2020-02-22 07:27:13] 
