INFO [2020-02-22 07:18:28] [[1]]
INFO [2020-02-22 07:18:28] veen_list[[i]]
INFO [2020-02-22 07:18:28] 
INFO [2020-02-22 07:18:28] [[2]]
INFO [2020-02-22 07:18:28] NULL
INFO [2020-02-22 07:18:28] 
INFO [2020-02-22 07:18:28] $fill
INFO [2020-02-22 07:18:28] c("darkmagenta", "darkblue", "yellow")
INFO [2020-02-22 07:18:28] 
INFO [2020-02-22 07:18:28] $alpha
INFO [2020-02-22 07:18:28] c(0.5, 0.5, 0.5)
INFO [2020-02-22 07:18:28] 
INFO [2020-02-22 07:18:28] $cex
INFO [2020-02-22 07:18:28] [1] 2
INFO [2020-02-22 07:18:28] 
INFO [2020-02-22 07:18:28] $cat.fontface
INFO [2020-02-22 07:18:28] [1] 4
INFO [2020-02-22 07:18:28] 
INFO [2020-02-22 07:18:28] $main
INFO [2020-02-22 07:18:28] paste0("overlap of targets ( ", names(miRWalk_list1)[i], " )")
INFO [2020-02-22 07:18:28] 
INFO [2020-02-22 07:18:28] [[1]]
INFO [2020-02-22 07:18:28] veen_list[[i]]
INFO [2020-02-22 07:18:28] 
INFO [2020-02-22 07:18:28] [[2]]
INFO [2020-02-22 07:18:28] NULL
INFO [2020-02-22 07:18:28] 
INFO [2020-02-22 07:18:28] $fill
INFO [2020-02-22 07:18:28] c("darkmagenta", "darkblue", "yellow")
INFO [2020-02-22 07:18:28] 
INFO [2020-02-22 07:18:28] $alpha
INFO [2020-02-22 07:18:28] c(0.5, 0.5, 0.5)
INFO [2020-02-22 07:18:28] 
INFO [2020-02-22 07:18:28] $cex
INFO [2020-02-22 07:18:28] [1] 2
INFO [2020-02-22 07:18:28] 
INFO [2020-02-22 07:18:28] $cat.fontface
INFO [2020-02-22 07:18:28] [1] 4
INFO [2020-02-22 07:18:28] 
INFO [2020-02-22 07:18:28] $main
INFO [2020-02-22 07:18:28] paste0("overlap of targets ( ", names(miRWalk_list1)[i], " )")
INFO [2020-02-22 07:18:28] 
INFO [2020-02-22 07:18:28] [[1]]
INFO [2020-02-22 07:18:28] veen_list[[i]]
INFO [2020-02-22 07:18:28] 
INFO [2020-02-22 07:18:28] [[2]]
INFO [2020-02-22 07:18:28] NULL
INFO [2020-02-22 07:18:28] 
INFO [2020-02-22 07:18:28] $fill
INFO [2020-02-22 07:18:28] c("darkmagenta", "darkblue", "yellow")
INFO [2020-02-22 07:18:28] 
INFO [2020-02-22 07:18:28] $alpha
INFO [2020-02-22 07:18:28] c(0.5, 0.5, 0.5)
INFO [2020-02-22 07:18:28] 
INFO [2020-02-22 07:18:28] $cex
INFO [2020-02-22 07:18:28] [1] 2
INFO [2020-02-22 07:18:28] 
INFO [2020-02-22 07:18:28] $cat.fontface
INFO [2020-02-22 07:18:28] [1] 4
INFO [2020-02-22 07:18:28] 
INFO [2020-02-22 07:18:28] $main
INFO [2020-02-22 07:18:28] paste0("overlap of targets ( ", names(miRWalk_list1)[i], " )")
INFO [2020-02-22 07:18:28] 
INFO [2020-02-22 07:18:28] [[1]]
INFO [2020-02-22 07:18:28] veen_list[[i]]
INFO [2020-02-22 07:18:28] 
INFO [2020-02-22 07:18:28] [[2]]
INFO [2020-02-22 07:18:28] NULL
INFO [2020-02-22 07:18:28] 
INFO [2020-02-22 07:18:28] $fill
INFO [2020-02-22 07:18:28] c("darkmagenta", "darkblue", "yellow")
INFO [2020-02-22 07:18:28] 
INFO [2020-02-22 07:18:28] $alpha
INFO [2020-02-22 07:18:28] c(0.5, 0.5, 0.5)
INFO [2020-02-22 07:18:28] 
INFO [2020-02-22 07:18:28] $cex
INFO [2020-02-22 07:18:28] [1] 2
INFO [2020-02-22 07:18:28] 
INFO [2020-02-22 07:18:28] $cat.fontface
INFO [2020-02-22 07:18:28] [1] 4
INFO [2020-02-22 07:18:28] 
INFO [2020-02-22 07:18:28] $main
INFO [2020-02-22 07:18:28] paste0("overlap of targets ( ", names(miRWalk_list1)[i], " )")
INFO [2020-02-22 07:18:28] 
