INFO [2020-02-22 07:27:11] [[1]]
INFO [2020-02-22 07:27:11] veen_list[[i]]
INFO [2020-02-22 07:27:11] 
INFO [2020-02-22 07:27:11] [[2]]
INFO [2020-02-22 07:27:11] NULL
INFO [2020-02-22 07:27:11] 
INFO [2020-02-22 07:27:11] $fill
INFO [2020-02-22 07:27:11] c("darkmagenta", "darkblue", "yellow")
INFO [2020-02-22 07:27:11] 
INFO [2020-02-22 07:27:11] $alpha
INFO [2020-02-22 07:27:11] c(0.5, 0.5, 0.5)
INFO [2020-02-22 07:27:11] 
INFO [2020-02-22 07:27:11] $cex
INFO [2020-02-22 07:27:11] [1] 2
INFO [2020-02-22 07:27:11] 
INFO [2020-02-22 07:27:11] $cat.fontface
INFO [2020-02-22 07:27:11] [1] 4
INFO [2020-02-22 07:27:11] 
INFO [2020-02-22 07:27:11] $main
INFO [2020-02-22 07:27:11] paste0("overlap of targets ( ", names(miRWalk_list1)[i], " )")
INFO [2020-02-22 07:27:11] 
INFO [2020-02-22 07:27:11] [[1]]
INFO [2020-02-22 07:27:11] veen_list[[i]]
INFO [2020-02-22 07:27:11] 
INFO [2020-02-22 07:27:11] [[2]]
INFO [2020-02-22 07:27:11] NULL
INFO [2020-02-22 07:27:11] 
INFO [2020-02-22 07:27:11] $fill
INFO [2020-02-22 07:27:11] c("darkmagenta", "darkblue", "yellow")
INFO [2020-02-22 07:27:11] 
INFO [2020-02-22 07:27:11] $alpha
INFO [2020-02-22 07:27:11] c(0.5, 0.5, 0.5)
INFO [2020-02-22 07:27:11] 
INFO [2020-02-22 07:27:11] $cex
INFO [2020-02-22 07:27:11] [1] 2
INFO [2020-02-22 07:27:11] 
INFO [2020-02-22 07:27:11] $cat.fontface
INFO [2020-02-22 07:27:11] [1] 4
INFO [2020-02-22 07:27:11] 
INFO [2020-02-22 07:27:11] $main
INFO [2020-02-22 07:27:11] paste0("overlap of targets ( ", names(miRWalk_list1)[i], " )")
INFO [2020-02-22 07:27:11] 
INFO [2020-02-22 07:27:11] [[1]]
INFO [2020-02-22 07:27:11] veen_list[[i]]
INFO [2020-02-22 07:27:11] 
INFO [2020-02-22 07:27:11] [[2]]
INFO [2020-02-22 07:27:11] NULL
INFO [2020-02-22 07:27:11] 
INFO [2020-02-22 07:27:11] $fill
INFO [2020-02-22 07:27:11] c("darkmagenta", "darkblue", "yellow")
INFO [2020-02-22 07:27:11] 
INFO [2020-02-22 07:27:11] $alpha
INFO [2020-02-22 07:27:11] c(0.5, 0.5, 0.5)
INFO [2020-02-22 07:27:11] 
INFO [2020-02-22 07:27:11] $cex
INFO [2020-02-22 07:27:11] [1] 2
INFO [2020-02-22 07:27:11] 
INFO [2020-02-22 07:27:11] $cat.fontface
INFO [2020-02-22 07:27:11] [1] 4
INFO [2020-02-22 07:27:11] 
INFO [2020-02-22 07:27:11] $main
INFO [2020-02-22 07:27:11] paste0("overlap of targets ( ", names(miRWalk_list1)[i], " )")
INFO [2020-02-22 07:27:11] 
INFO [2020-02-22 07:27:11] [[1]]
INFO [2020-02-22 07:27:11] veen_list[[i]]
INFO [2020-02-22 07:27:11] 
INFO [2020-02-22 07:27:11] [[2]]
INFO [2020-02-22 07:27:11] NULL
INFO [2020-02-22 07:27:11] 
INFO [2020-02-22 07:27:11] $fill
INFO [2020-02-22 07:27:11] c("darkmagenta", "darkblue", "yellow")
INFO [2020-02-22 07:27:11] 
INFO [2020-02-22 07:27:11] $alpha
INFO [2020-02-22 07:27:11] c(0.5, 0.5, 0.5)
INFO [2020-02-22 07:27:11] 
INFO [2020-02-22 07:27:11] $cex
INFO [2020-02-22 07:27:11] [1] 2
INFO [2020-02-22 07:27:11] 
INFO [2020-02-22 07:27:11] $cat.fontface
INFO [2020-02-22 07:27:11] [1] 4
INFO [2020-02-22 07:27:11] 
INFO [2020-02-22 07:27:11] $main
INFO [2020-02-22 07:27:11] paste0("overlap of targets ( ", names(miRWalk_list1)[i], " )")
INFO [2020-02-22 07:27:11] 
