INFO [2020-02-22 07:27:12] [[1]]
INFO [2020-02-22 07:27:12] veen_list[[i]]
INFO [2020-02-22 07:27:12] 
INFO [2020-02-22 07:27:12] [[2]]
INFO [2020-02-22 07:27:12] NULL
INFO [2020-02-22 07:27:12] 
INFO [2020-02-22 07:27:12] $fill
INFO [2020-02-22 07:27:12] c("darkmagenta", "darkblue", "yellow")
INFO [2020-02-22 07:27:12] 
INFO [2020-02-22 07:27:12] $alpha
INFO [2020-02-22 07:27:12] c(0.5, 0.5, 0.5)
INFO [2020-02-22 07:27:12] 
INFO [2020-02-22 07:27:12] $cex
INFO [2020-02-22 07:27:12] [1] 2
INFO [2020-02-22 07:27:12] 
INFO [2020-02-22 07:27:12] $cat.fontface
INFO [2020-02-22 07:27:12] [1] 4
INFO [2020-02-22 07:27:12] 
INFO [2020-02-22 07:27:12] $main
INFO [2020-02-22 07:27:12] paste0("overlap of targets ( ", names(miRWalk_list1)[i], " )")
INFO [2020-02-22 07:27:12] 
INFO [2020-02-22 07:27:12] [[1]]
INFO [2020-02-22 07:27:12] veen_list[[i]]
INFO [2020-02-22 07:27:12] 
INFO [2020-02-22 07:27:12] [[2]]
INFO [2020-02-22 07:27:12] NULL
INFO [2020-02-22 07:27:12] 
INFO [2020-02-22 07:27:12] $fill
INFO [2020-02-22 07:27:12] c("darkmagenta", "darkblue", "yellow")
INFO [2020-02-22 07:27:12] 
INFO [2020-02-22 07:27:12] $alpha
INFO [2020-02-22 07:27:12] c(0.5, 0.5, 0.5)
INFO [2020-02-22 07:27:12] 
INFO [2020-02-22 07:27:12] $cex
INFO [2020-02-22 07:27:12] [1] 2
INFO [2020-02-22 07:27:12] 
INFO [2020-02-22 07:27:12] $cat.fontface
INFO [2020-02-22 07:27:12] [1] 4
INFO [2020-02-22 07:27:12] 
INFO [2020-02-22 07:27:12] $main
INFO [2020-02-22 07:27:12] paste0("overlap of targets ( ", names(miRWalk_list1)[i], " )")
INFO [2020-02-22 07:27:12] 
INFO [2020-02-22 07:27:12] [[1]]
INFO [2020-02-22 07:27:12] veen_list[[i]]
INFO [2020-02-22 07:27:12] 
INFO [2020-02-22 07:27:12] [[2]]
INFO [2020-02-22 07:27:12] NULL
INFO [2020-02-22 07:27:12] 
INFO [2020-02-22 07:27:12] $fill
INFO [2020-02-22 07:27:12] c("darkmagenta", "darkblue", "yellow")
INFO [2020-02-22 07:27:12] 
INFO [2020-02-22 07:27:12] $alpha
INFO [2020-02-22 07:27:12] c(0.5, 0.5, 0.5)
INFO [2020-02-22 07:27:12] 
INFO [2020-02-22 07:27:12] $cex
INFO [2020-02-22 07:27:12] [1] 2
INFO [2020-02-22 07:27:12] 
INFO [2020-02-22 07:27:12] $cat.fontface
INFO [2020-02-22 07:27:12] [1] 4
INFO [2020-02-22 07:27:12] 
INFO [2020-02-22 07:27:12] $main
INFO [2020-02-22 07:27:12] paste0("overlap of targets ( ", names(miRWalk_list1)[i], " )")
INFO [2020-02-22 07:27:12] 
